2020-07-05T10:28:17.607Z [api] error: Can't login User Error: WHERE parameter "user_name" has invalid "undefined" value
2020-07-05T10:28:37.037Z [api] error: Can't login User Error: WHERE parameter "user_name" has invalid "undefined" value
2020-07-05T11:10:16.581Z [api] error: Can't login User TypeError: user.validPassword is not a function
2020-07-05T11:13:39.032Z [api] error: Can't login User Error: Illegal arguments: undefined, string
2020-07-05T11:16:39.288Z [api] error: Can't login User Error: Illegal arguments: undefined, string
2020-07-05T11:17:03.133Z [api] error: Can't login User Error: Illegal arguments: undefined, string
2020-07-05T11:18:11.480Z [api] error: Can't login User Error: Illegal arguments: string, undefined
2020-07-05T13:35:10.137Z [api] error: Can't login User Error: Illegal arguments: string, undefined
2020-07-05T13:36:59.466Z [api] error: Can't login User Error: Illegal arguments: string, undefined
2020-07-05T14:39:12.873Z [api] error: Can't login User ReferenceError: role is not defined
2020-07-06T16:40:41.934Z [api] error: Can't create Player TypeError: Class constructor Transaction cannot be invoked without 'new'
2020-07-06T16:41:28.048Z [api] error: Can't create Player TypeError: sequelize.transaction is not a function
2020-07-06T17:00:01.631Z [api] error: Can't create Player TypeError: sequelize.transaction is not a function
2020-07-06T17:01:28.310Z [api] error: Can't create Player TypeError: sequelize.transaction is not a function
2020-07-06T17:32:14.683Z [api] error: Can't create Player SequelizeDatabaseError: invalid input syntax for type uuid: "4555"
2020-07-30T18:37:45.743Z [api] error: Can't create User TypeError: response is not a function
2020-07-30T18:38:37.075Z [api] error: Can't create User TypeError: res.status is not a function
2020-07-30T18:58:44.531Z [api] error: Can't create User Error: Can't Send Mail to verify Account
2020-07-30T19:08:04.976Z [api] error: Can't create User Error: Can't Send Mail to verify Account
2020-07-30T19:09:28.340Z [api] error: Can't create User Error: Can't Send Mail to verify Account Error: Invalid login: 535-5.7.8 Username and Password not accepted. Learn more at
535 5.7.8  https://support.google.com/mail/?p=BadCredentials 64sm7927439pgb.63 - gsmtp
2020-07-30T19:32:15.636Z [api] error: Can't create User SequelizeValidationError: string violation: account_verify_code cannot be an array or an object
2020-07-30T19:32:48.841Z [api] error: Can't create User SequelizeValidationError: string violation: account_verify_code cannot be an array or an object
2020-07-30T19:33:03.227Z [api] error: Can't create User SequelizeValidationError: string violation: account_verify_code cannot be an array or an object
2020-07-31T04:12:23.606Z [api] error: Can't create User Error: Can't Send Mail to verify Account Error: Can't compile Template TypeError [ERR_INVALID_CALLBACK]: Callback must be a function. Received { encoding: 'utf-8' }
2020-07-31T04:18:09.042Z [api] error: Can't create User Error: Can't Send Mail to verify Account Error: Can't compile Template Error: ENOENT: no such file or directory, open '/home/dell/Documents/farm/OnlineAuctionSystem/controllers./templates/mail.html'
2020-07-31T04:19:51.341Z [api] error: Can't create User Error: Can't Send Mail to verify Account Error: Can't compile Template Error: ENOENT: no such file or directory, open '/home/dell/Documents/farm/OnlineAuctionSystem/controllers/templates/mail.html'
2020-07-31T04:29:05.767Z [api] error: Can't create User SequelizeDatabaseError: relation "users" does not exist
