{"message":"App is running on port 3000","level":"info"}
{"message":"App is running on port 3000","level":"info"}
{"message":"App is running on port 3000","level":"info"}
{"message":"App is running on port 3000","level":"info"}
{"message":"App is running on port 3000","level":"info"}
{"message":"App is running on port 3000","level":"info"}
2020-07-05T05:03:02.007Z [undefined] info: App is running on port 3000
2020-07-05T05:19:54.937Z [undefined] info: App is running on port 3000
2020-07-05T05:20:55.237Z [undefined] info: undefined
2020-07-05T05:21:18.092Z [undefined] info: Server is listening on the port 3000
2020-07-05T05:21:37.416Z [undefined] info: Server is listening on the port 3000
2020-07-05T05:21:54.774Z [Hey] info: Server is listening on the port 3000
2020-07-05T05:22:04.944Z [Init] info: Server is listening on the port 3000
2020-07-05T05:34:33.466Z [Init] info: Server is listening on the port 3000
2020-07-05T05:35:51.028Z [Init] info: Server is listening on the port 3000
2020-07-05T05:36:09.445Z [Init] info: Server is listening on the port 3000
2020-07-05T05:36:21.131Z [Init] info: Server is listening on the port 3000
2020-07-05T05:36:51.164Z [Init] info: Server is listening on the port 3000
2020-07-05T05:36:57.803Z [Init] info: Server is listening on the port 3000
2020-07-05T05:37:03.142Z [Init] info: Server is listening on the port 3000
2020-07-05T05:37:23.410Z [Init] info: Server is listening on the port 3000
2020-07-05T05:37:37.629Z [Init] info: Server is listening on the port 3000
2020-07-05T05:37:52.648Z [Init] info: Server is listening on the port 3000
2020-07-05T05:41:49.148Z [Init] info: Server is listening on the port 3000
2020-07-05T05:42:51.637Z [Init] info: Server is listening on the port 3000
2020-07-05T05:42:58.031Z [Init] info: Server is listening on the port 3000
2020-07-05T05:43:44.060Z [Init] info: Server is listening on the port 3000
2020-07-05T05:44:15.121Z [Init] info: Server is listening on the port 3000
2020-07-05T05:44:31.115Z [Init] info: Server is listening on the port 3000
2020-07-05T05:44:45.045Z [Init] info: Server is listening on the port 3000
2020-07-05T05:45:13.687Z [Init] info: Server is listening on the port 3000
2020-07-05T05:45:20.013Z [Init] info: Server is listening on the port 3000
2020-07-05T05:45:34.733Z [Init] info: Server is listening on the port 3000
2020-07-05T05:45:45.019Z [Init] info: Server is listening on the port 3000
2020-07-05T05:46:01.025Z [Init] info: Server is listening on the port 3000
2020-07-05T05:46:20.063Z [Init] info: Server is listening on the port 3000
2020-07-05T05:46:48.239Z [Init] info: Server is listening on the port 3000
2020-07-05T05:46:57.080Z [Init] info: Server is listening on the port 3000
2020-07-05T05:47:09.679Z [Init] info: Server is listening on the port 3000
2020-07-05T05:47:27.794Z [Init] info: Server is listening on the port 3000
2020-07-05T05:48:04.480Z [Init] info: Server is listening on the port 3000
2020-07-05T05:48:11.714Z [Init] info: Server is listening on the port 3000
2020-07-05T07:51:34.707Z [Init] info: Server is listening on the port 3000
2020-07-05T07:54:19.576Z [Init] info: Server is listening on the port 3000
2020-07-05T08:00:55.572Z [Init] info: Server is listening on the port 3000
2020-07-05T08:03:21.609Z [Init] info: Server is listening on the port 3000
2020-07-05T08:03:44.638Z [Init] info: Server is listening on the port 3000
2020-07-05T08:04:24.812Z [Init] info: Server is listening on the port 3000
2020-07-05T08:05:33.664Z [Init] info: Server is listening on the port 3000
2020-07-05T08:06:06.563Z [Init] info: Server is listening on the port 3000
2020-07-05T08:06:30.025Z [Init] info: Server is listening on the port 3000
2020-07-05T08:06:51.222Z [Init] info: Server is listening on the port 3000
2020-07-05T08:07:01.380Z [Init] info: Server is listening on the port 3000
2020-07-05T08:07:11.743Z [Init] info: Server is listening on the port 3000
2020-07-05T08:07:27.262Z [Init] info: Server is listening on the port 3000
2020-07-05T08:07:56.528Z [Init] info: Server is listening on the port 3000
2020-07-05T08:19:35.064Z [Init] info: Server is listening on the port 3000
2020-07-05T08:19:57.963Z [Init] info: Server is listening on the port 3000
2020-07-05T08:22:58.995Z [Init] info: Server is listening on the port 3000
2020-07-05T08:24:42.469Z [Init] info: Server is listening on the port 3000
2020-07-05T08:30:20.257Z [Init] info: Server is listening on the port 3000
2020-07-05T08:30:36.657Z [Init] info: Server is listening on the port 3000
2020-07-05T08:39:31.318Z [Init] info: Server is listening on the port 3000
2020-07-05T08:40:46.362Z [Init] info: Server is listening on the port 3000
2020-07-05T08:40:47.566Z [Init] info: Server is listening on the port 3000
2020-07-05T08:40:48.454Z [Init] info: Server is listening on the port 3000
2020-07-05T08:41:25.708Z [Init] info: Server is listening on the port 3000
2020-07-05T08:41:41.910Z [Init] info: Server is listening on the port 3000
2020-07-05T08:43:06.951Z [Init] info: Server is listening on the port 3000
2020-07-05T08:43:29.481Z [Init] info: Server is listening on the port 3000
2020-07-05T08:57:12.899Z [Init] info: Server is listening on the port 3000
2020-07-05T08:58:03.469Z [Init] info: Server is listening on the port 3000
2020-07-05T08:58:20.958Z [Init] info: Server is listening on the port 3000
2020-07-05T09:01:08.853Z [Init] info: Server is listening on the port 3000
2020-07-05T09:01:44.198Z [Init] info: Server is listening on the port 3000
2020-07-05T09:02:04.904Z [Init] info: Server is listening on the port 3000
2020-07-05T09:02:36.762Z [Init] info: Server is listening on the port 3000
2020-07-05T09:03:03.153Z [Init] info: Server is listening on the port 3000
2020-07-05T09:03:16.215Z [Init] info: Server is listening on the port 3000
2020-07-05T09:03:38.842Z [Init] info: Server is listening on the port 3000
2020-07-05T09:04:33.149Z [Init] info: Server is listening on the port 3000
2020-07-05T09:05:53.959Z [Init] info: Server is listening on the port 3000
2020-07-05T09:06:01.864Z [Init] info: Server is listening on the port 3000
2020-07-05T09:06:14.669Z [Init] info: Server is listening on the port 3000
2020-07-05T09:06:26.335Z [Init] info: Server is listening on the port 3000
2020-07-05T09:07:45.841Z [Init] info: Server is listening on the port 3000
2020-07-05T09:08:42.602Z [Init] info: Server is listening on the port 3000
2020-07-05T09:09:10.439Z [Init] info: Server is listening on the port 3000
2020-07-05T09:09:17.035Z [Init] info: Server is listening on the port 3000
2020-07-05T09:09:52.738Z [Init] info: Server is listening on the port 3000
